"gcc-4" no se reconoce como un comando interno o externo,
programa o archivo por lotes ejecutable.
"gcc-3" no se reconoce como un comando interno o externo,
programa o archivo por lotes ejecutable.
ltl p0: [] (((posR1!=posR2)) || ((dirR1!=dirR2)))
ltl p3: ((([] ((! (((posR1!=1)) && ((dirR1==-(1))))) || (((dirR1==-(1))) U ((posR1==1))))) && ([] ((! (((posR1!=1)) && ((dirR2==-(1))))) || (((dirR2==-(1))) U ((posR2==1)))))) && ([] ((! (((posR2!=NS)) && ((dirR1==1)))) || (((dirR1==1)) U ((posR1==-(1))))))) && ([] ((! (((posR2!=NS)) && ((dirR2==1)))) || (((dirR2==1)) U ((posR2==-(1))))))
spin: ModeleCentralise.pml:0, warning, global, 'int   NT' variable is never used (other than in print stmnts)
starting claim 2
using statement merging
MSC: ~G line 17
  1:	proc  - (p3:1) _spin_nvr.tmp:17 (state 12)	[(1)]

Never claim moves to line 17	[(1)]
  2:	proc  0 (:init::1) ModeleCentralise.pml:19 (state 1)	[((((dirR1==1)&&((posR2!=(posR1+1))||(dirR1!=dirR2)))&&(posR1<NS)))]	<merge 0 now @2>

  2:	proc  0 (:init::1) ModeleCentralise.pml:20 (state 2)	[posR1 = (posR1+1)]
		posR1 = 2

  3:	proc  - (p3:1) _spin_nvr.tmp:17 (state 12)	[(1)]

  4:	proc  0 (:init::1) ModeleCentralise.pml:20 (state 4)	[(1)]

  5:	proc  - (p3:1) _spin_nvr.tmp:17 (state 12)	[(1)]

  6:	proc  0 (:init::1) ModeleCentralise.pml:35 (state 19)	[((((dirR2==-(1))&&((posR1!=(posR2-1))||(dirR1!=dirR2)))&&(posR2>1)))]	<merge 0 now @20>

  6:	proc  0 (:init::1) ModeleCentralise.pml:36 (state 20)	[posR2 = (posR2-1)]
		posR2 = 1

MSC: ~G line 16
  7:	proc  - (p3:1) _spin_nvr.tmp:16 (state 10)	[((!(!(((posR2!=NS)&&(dirR1==1))))&&!((posR1==-(1)))))]

Never claim moves to line 16	[((!(!(((posR2!=NS)&&(dirR1==1))))&&!((posR1==-(1)))))]
  8:	proc  0 (:init::1) ModeleCentralise.pml:36 (state 22)	[(1)]

MSC: ~G line 36
  9:	proc  - (p3:1) _spin_nvr.tmp:36 (state 41)	[(!((posR1==-(1))))]

Never claim moves to line 36	[(!((posR1==-(1))))]
 10:	proc  0 (:init::1) ModeleCentralise.pml:25 (state 9)	[((((dirR1==1)&&(posR1==NS))&&((posR2!=posR1)||(dirR2!=-(1)))))]	<merge 0 now @10>

 10:	proc  0 (:init::1) ModeleCentralise.pml:26 (state 10)	[dirR1 = -(1)]
		dirR1 = -1

 11:	proc  - (p3:1) _spin_nvr.tmp:36 (state 41)	[(!((posR1==-(1))))]

 12:	proc  0 (:init::1) ModeleCentralise.pml:41 (state 26)	[((((dirR2==-(1))&&(posR2==1))&&((posR2!=posR1)||(dirR1!=1))))]	<merge 0 now @27>

 12:	proc  0 (:init::1) ModeleCentralise.pml:42 (state 27)	[dirR2 = 1]
		dirR2 = 1

 13:	proc  - (p3:1) _spin_nvr.tmp:36 (state 41)	[(!((posR1==-(1))))]

 14:	proc  0 (:init::1) ModeleCentralise.pml:21 (state 5)	[((((dirR1==-(1))&&((posR2!=(posR1-1))||(dirR1!=dirR2)))&&(posR1>1)))]	<merge 0 now @6>

 14:	proc  0 (:init::1) ModeleCentralise.pml:22 (state 6)	[posR1 = (posR1-1)]
		posR1 = 1

 15:	proc  - (p3:1) _spin_nvr.tmp:36 (state 41)	[(!((posR1==-(1))))]

 16:	proc  0 (:init::1) ModeleCentralise.pml:22 (state 8)	[(1)]

 17:	proc  - (p3:1) _spin_nvr.tmp:36 (state 41)	[(!((posR1==-(1))))]

 18:	proc  0 (:init::1) ModeleCentralise.pml:33 (state 15)	[((((dirR2==1)&&((posR1!=(posR2+1))||(dirR1!=dirR2)))&&(posR2<NS)))]	<merge 0 now @16>

 18:	proc  0 (:init::1) ModeleCentralise.pml:34 (state 16)	[posR2 = (posR2+1)]
		posR2 = 2

 19:	proc  - (p3:1) _spin_nvr.tmp:36 (state 41)	[(!((posR1==-(1))))]

 20:	proc  0 (:init::1) ModeleCentralise.pml:34 (state 18)	[(1)]

 21:	proc  - (p3:1) _spin_nvr.tmp:36 (state 41)	[(!((posR1==-(1))))]

 22:	proc  0 (:init::1) ModeleCentralise.pml:39 (state 23)	[((((dirR2==1)&&(posR2==NS))&&((posR2!=posR1)||(dirR1!=-(1)))))]	<merge 0 now @24>

 22:	proc  0 (:init::1) ModeleCentralise.pml:40 (state 24)	[dirR2 = -(1)]
		dirR2 = -1

MSC: ~G line 37
 23:	proc  - (p3:1) _spin_nvr.tmp:37 (state 43)	[((!((dirR1==1))&&!((posR1==-(1)))))]	<merge 0 now @44>

spin: _spin_nvr.tmp:37, Error: assertion violated
spin: text of failed assertion: assert(!((!((dirR1==1))&&!((posR1==-(1))))))
#processes: 1
		NS = 2
		NT = 1
		dirR1 = -1
		dirR2 = -1
		posR1 = 1
		posR2 = 2
 23:	proc  0 (:init::1) ModeleCentralise.pml:15 (state 29)
 23:	proc  - (p3:1) _spin_nvr.tmp:37 (state 44)
1 processes created
Exit-Status 0
