"gcc-4" no se reconoce como un comando interno o externo,
programa o archivo por lotes ejecutable.
"gcc-3" no se reconoce como un comando interno o externo,
programa o archivo por lotes ejecutable.
ltl pp: [] ((Rame1:posR1>=1))
ltl p0: [] (((Rame1:posR1!=Rame2:posR2)) || ((Rame1:dirR1!=Rame2:dirR2)))
ltl p3: ((([] ((! (((Rame1:posR1!=1)) && ((Rame1:dirR1==-(1))))) || (((Rame1:dirR1==-(1))) U (((Rame1:posR1==1)) && ((Rame1:dirR1==1)))))) && ([] ((! (((Rame2:posR2!=1)) && ((Rame2:dirR2==-(1))))) || (((Rame2:dirR2==-(1))) U (((Rame2:posR2==1)) && ((Rame2:dirR2==1))))))) && ([] ((! (((Rame1:posR1!=NS)) && ((Rame1:dirR1==1)))) || (((Rame1:dirR1==1)) U (((Rame1:posR1==NS)) && ((Rame1:dirR1==-(1)))))))) && ([] ((! (((Rame2:posR2!=NS)) && ((Rame2:dirR2==1)))) || (((Rame2:dirR2==1)) U (((Rame2:posR2==NS)) && ((Rame2:dirR2==-(1)))))))
ltl p4: ((([] ((! (((Rame1:posR1<NS)) && ((Rame1:dirR1==1)))) || (<> ((Rame1:posR1==NS))))) && ([] ((! (((Rame1:posR1>1)) && ((Rame1:dirR1==-(1))))) || (<> ((Rame1:posR1==1)))))) && ([] ((! (((Rame2:posR2<NS)) && ((Rame2:dirR2==1)))) || (<> ((Rame2:posR2==NS)))))) && ([] ((! (((Rame2:posR2>1)) && ((Rame2:dirR2==-(1))))) || (<> ((Rame2:posR2==1)))))
ltl p5: ([] ((! (((Rame1:posR1<(NS-1))) && ((Rame1:dirR1==1)))) || (<> ((Rame1:posR1==(NS-1)))))) && ([] ((! (((Rame2:posR2<(NS-1))) && ((Rame2:dirR2==1)))) || (<> ((Rame2:posR2==(NS-1))))))
ltl p6: ((([] (<> (((Rame1:posR1>=1)) && ((Rame1:posR1<=NS))))) && ([] (<> (((Rame1:dirR1==1)) || ((Rame1:dirR1==-(1))))))) && ([] (<> (((Rame2:posR2>=1)) && ((Rame2:posR2<=NS)))))) && ([] (<> (((Rame2:dirR2==1)) || ((Rame2:dirR2==-(1))))))
ltl p7: ([] ((! ((Rame1:lieuR1==0))) || ((Rame1:portesR1==fermees)))) && ([] ((! ((Rame2:lieuR2==0))) || ((Rame2:portesR2==fermees))))
ltl p8: ([] ((! (((Rame1:lieuR1==1)) && ((Rame1:portesR1==fermees)))) || (<> ((Rame1:portesR1==ouvertes))))) && ([] ((! (((Rame2:lieuR2==1)) && ((Rame2:portesR2==fermees)))) || (<> ((Rame2:portesR2==ouvertes)))))
spin: ModeleDetaille.pml:0, warning, global, 'int   NT' variable is never used (other than in print stmnts)
starting claim 3
using statement merging
MSC: ~G line 3
  1:	proc  - (pp:1) _spin_nvr.tmp:3 (state 1)	[(!((Rame1.posR1>=1)))]	<merge 0 now @2>
		NS = 8
		NT = 7

spin: _spin_nvr.tmp:3, Error: assertion violated
spin: text of failed assertion: assert(!(!((Rame1.posR1>=1))))
#processes: 1
		NS = 8
		NT = 7
  1:	proc  0 (:init::1) ModeleDetaille.pml:110 (state 3)
  1:	proc  - (pp:1) _spin_nvr.tmp:3 (state 2)
1 processes created
Exit-Status 0
