"gcc-4" no se reconoce como un comando interno o externo,
programa o archivo por lotes ejecutable.
"gcc-3" no se reconoce como un comando interno o externo,
programa o archivo por lotes ejecutable.
spin: Modele2Processus.pml:0, warning, global, 'int   NT' variable is never used (other than in print stmnts)
starting claim 3
spin: couldn't find claim 3 (ignored)
	2 = :init:
	1 = Rame2
	0 = Rame1
using statement merging
Starting Rame1 with pid 2
  2:	proc  0 (:init::1) Modele2Processus.pml:82 (state 1)	[(run Rame1())]
		NS = 2
		NT = 1

Starting Rame2 with pid 3
  3:	proc  0 (:init::1) Modele2Processus.pml:83 (state 2)	[(run Rame2())]
		NS = 2
		NT = 1

  5:	proc  2 (Rame2:1) Modele2Processus.pml:57 (state 5)	[((((dirR2==-(1))&&((posR1!=(posR2-1))||(dirR1!=dirR2)))&&(posR2>1)))]	<merge 0 now @6>
		NS = 2
		NT = 1
		Rame2(2):dirR2 = -1
		Rame2(2):posR2 = 2
		Rame2(2):dirR1 = 1
		Rame2(2):posR1 = 1

  5:	proc  2 (Rame2:1) Modele2Processus.pml:58 (state 6)	[posR2 = (posR2-1)]
		NS = 2
		NT = 1
		Rame2(2):dirR2 = -1
		Rame2(2):posR2 = 1
		Rame2(2):dirR1 = 1
		Rame2(2):posR1 = 1

  7:	proc  2 (Rame2:1) Modele2Processus.pml:58 (state 8)	[(1)]
		NS = 2
		NT = 1
		Rame2(2):dirR2 = -1
		Rame2(2):posR2 = 1
		Rame2(2):dirR1 = 1
		Rame2(2):posR1 = 1

  9:	proc  2 (Rame2:1) Modele2Processus.pml:71 (state 17)	[(((((((dirR2==1)&&((posR1==(posR2+1))&&(dirR1==dirR2)))||((dirR2==-(1))&&((posR1==(posR2-1))&&(dirR1==dirR2))))||(((dirR2==1)&&(posR2==NS))&&((posR2==posR1)&&(dirR1==-(1)))))||(((dirR2==-(1))&&(posR2==1))&&((posR2==posR1)&&(dirR1==1))))&&empty(ReqR2)))]
		NS = 2
		NT = 1
		queue 1 (ReqR2): 
		Rame2(2):dirR2 = -1
		Rame2(2):posR2 = 1
		Rame2(2):dirR1 = 1
		Rame2(2):posR1 = 1

 10:	proc  2 (Rame2:1) Modele2Processus.pml:72 (state -)	[values: 2!1]
 10:	proc  2 (Rame2:1) Modele2Processus.pml:72 (state 18)	[ReqR1!1]
		NS = 2
		NT = 1
		queue 2 (ReqR1): [1]
		Rame2(2):dirR2 = -1
		Rame2(2):posR2 = 1
		Rame2(2):dirR1 = 1
		Rame2(2):posR1 = 1

<<<<<START OF CYCLE>>>>>
 12:	proc  1 (Rame1:1) Modele2Processus.pml:40 (state 21)	[(full(ReqR1))]
		NS = 2
		NT = 1
		Rame1(1):dirR2 = -1
		Rame1(1):posR2 = 2
		Rame1(1):dirR1 = 1
		Rame1(1):posR1 = 1

 13:	proc  1 (Rame1:1) Modele2Processus.pml:40 (state -)	[values: 2?1]
 13:	proc  1 (Rame1:1) Modele2Processus.pml:40 (state 22)	[ReqR1?1]
		NS = 2
		NT = 1
		queue 2 (ReqR1): 
		Rame1(1):dirR2 = -1
		Rame1(1):posR2 = 2
		Rame1(1):dirR1 = 1
		Rame1(1):posR1 = 1

 14:	proc  1 (Rame1:1) Modele2Processus.pml:40 (state -)	[values: 3!1,1]
 14:	proc  1 (Rame1:1) Modele2Processus.pml:40 (state 23)	[R1ToR2!posR1,dirR1]
		NS = 2
		NT = 1
		queue 3 (R1ToR2): [1,1]
		Rame1(1):dirR2 = -1
		Rame1(1):posR2 = 2
		Rame1(1):dirR1 = 1
		Rame1(1):posR1 = 1

 16:	proc  2 (Rame2:1) Modele2Processus.pml:72 (state -)	[values: 3?1,1]
 16:	proc  2 (Rame2:1) Modele2Processus.pml:72 (state 19)	[R1ToR2?posR1,dirR1]
		NS = 2
		NT = 1
		queue 3 (R1ToR2): 
		Rame2(2):dirR2 = -1
		Rame2(2):posR2 = 1
		Rame2(2):dirR1 = 1
		Rame2(2):posR1 = 1

 18:	proc  2 (Rame2:1) Modele2Processus.pml:71 (state 17)	[(((((((dirR2==1)&&((posR1==(posR2+1))&&(dirR1==dirR2)))||((dirR2==-(1))&&((posR1==(posR2-1))&&(dirR1==dirR2))))||(((dirR2==1)&&(posR2==NS))&&((posR2==posR1)&&(dirR1==-(1)))))||(((dirR2==-(1))&&(posR2==1))&&((posR2==posR1)&&(dirR1==1))))&&empty(ReqR2)))]
		NS = 2
		NT = 1
		Rame2(2):dirR2 = -1
		Rame2(2):posR2 = 1
		Rame2(2):dirR1 = 1
		Rame2(2):posR1 = 1

 19:	proc  2 (Rame2:1) Modele2Processus.pml:72 (state -)	[values: 2!1]
 19:	proc  2 (Rame2:1) Modele2Processus.pml:72 (state 18)	[ReqR1!1]
		NS = 2
		NT = 1
		queue 2 (ReqR1): [1]
		Rame2(2):dirR2 = -1
		Rame2(2):posR2 = 1
		Rame2(2):dirR1 = 1
		Rame2(2):posR1 = 1

spin: trail ends after 19 steps
#processes: 3
		NS = 2
		NT = 1
		queue 2 (ReqR1): [1]
		queue 1 (ReqR2): 
		queue 3 (R1ToR2): 
 19:	proc  2 (Rame2:1) Modele2Processus.pml:72 (state 19)
		Rame2(2):dirR2 = -1
		Rame2(2):posR2 = 1
		Rame2(2):dirR1 = 1
		Rame2(2):posR1 = 1
 19:	proc  1 (Rame1:1) Modele2Processus.pml:16 (state 25)
		Rame1(1):dirR2 = -1
		Rame1(1):posR2 = 2
		Rame1(1):dirR1 = 1
		Rame1(1):posR1 = 1
 19:	proc  0 (:init::1) Modele2Processus.pml:85 (state 4)
3 processes created
Exit-Status 0
